2024.07.08 21:44:28 INFO  Started: Metals version 1.3.2 in folders 'C:\Users\ASUS\Desktop\Scala\Practical 4' for client Visual Studio Code 1.91.0.
SLF4J(W): Class path contains multiple SLF4J providers.
SLF4J(W): Found provider [scribe.slf4j.ScribeServiceProvider@187a904a]
SLF4J(W): Found provider [ch.qos.logback.classic.spi.LogbackServiceProvider@3fdd90a0]
SLF4J(W): See https://www.slf4j.org/codes.html#multiple_bindings for an explanation.
SLF4J(I): Actual provider is of type [scribe.slf4j.ScribeServiceProvider@187a904a]
2024.07.08 21:44:28 WARN  Flyway upgrade recommended: H2 2.2.224 is newer than this version of Flyway and support has not been tested. The latest supported version of H2 is 2.2.220.
2024.07.08 21:44:29 INFO  no build target found for C:\Users\ASUS\Desktop\Scala\Practical 4\Q1.scala. Using presentation compiler with project's scala-library version: 3.3.3
2024.07.08 21:44:31 INFO  Running List(C:\Users\ASUS\AppData\Local\Coursier\data\bin\scala-cli.BAT, setup-ide, C:\Users\ASUS\Desktop\Scala\Practical 4)
2024.07.08 21:44:31 INFO  Attempting to connect to the build server...
2024.07.08 21:44:31 INFO  Running BSP server List(C:\Users\ASUS\AppData\Local\Coursier\data\bin\.scala-cli.aux.exe, bsp, --json-options, C:\Users\ASUS\Desktop\Scala\Practical 4\.scala-build\ide-options-v2.json, --json-launcher-options, C:\Users\ASUS\Desktop\Scala\Practical 4\.scala-build\ide-launcher-options.json, --envs-file, C:\Users\ASUS\Desktop\Scala\Practical 4\.scala-build\ide-envs.json, C:\Users\ASUS\Desktop\Scala\Practical 4)
2024.07.08 21:44:31 INFO  tracing is disabled for protocol BSP, to enable tracing of incoming and outgoing JSON messages create an empty file at C:\Users\ASUS\Desktop\Scala\Practical 4\.metals\bsp.trace.json or C:\Users\ASUS\AppData\Local\scalameta\metals\cache\bsp.trace.json
2024.07.08 21:44:34 INFO  BSP server: Starting compilation server
2024.07.08 21:44:34 WARN  Could not find semantic tokens for: file:///C:/Users/ASUS/Desktop/Scala/Practical%204/Q1.scala
2024.07.08 21:44:39 INFO  time: Connected to build server in 7.78s
2024.07.08 21:44:39 INFO  Connected to Build server: scala-cli v1.3.2
2024.07.08 21:44:40 INFO  compiling practical 4_f4dd477a3a (1 scala source)
2024.07.08 21:44:42 INFO  time: Imported build in 2.4s
2024.07.08 21:44:42 INFO  time: indexed workspace in 0.85s
2024.07.08 21:44:42 WARN  no build target for: C:\Users\ASUS\Desktop\Scala\Practical 4\Q1.scala
2024.07.08 21:44:42 INFO  no build target found for C:\Users\ASUS\Desktop\Scala\Practical 4\Q1.scala. Using presentation compiler with project's scala-library version: 3.3.3
2024.07.08 21:44:42 INFO  no build target found for C:\Users\ASUS\Desktop\Scala\Practical 4\Q1.scala. Using presentation compiler with project's scala-library version: 3.3.3
2024.07.08 21:44:42 WARN  Could not find semantic tokens for: file:///C:/Users/ASUS/Desktop/Scala/Practical%204/Q1.scala
2024.07.08 22:18:41 INFO  Shutting down server
2024.07.08 22:18:41 INFO  shutting down Metals
2024.07.08 22:18:41 INFO  Shut down connection with build server.
2024.07.08 22:18:41 INFO  Exiting server
